2019-11-08 12:15:17,314  INFO [main] LogReport:38 - Assertion for home page landing passed
2019-11-08 12:32:36,331  INFO [main] LogReport:38 - Assertion for home page landing passed
2019-11-08 12:34:06,199  INFO [main] LogReport:38 - Assertion for home page landing passed
2019-11-08 12:48:38,684  INFO [main] LogReport:38 - Assertion for home page landing passed
2019-11-08 12:53:39,946  INFO [main] LogReport:38 - Assertion for home page landing passed
2019-11-08 12:55:09,997  INFO [main] LogReport:38 - Assertion for home page landing passed
2019-11-08 12:56:32,401  INFO [main] LogReport:38 - Assertion for home page landing passed
2019-11-08 12:56:34,440  INFO [main] LogReport:38 - product available and added to cart
2019-11-08 12:58:22,119  INFO [main] LogReport:38 - Assertion for home page landing passed
2019-11-08 12:58:23,607  INFO [main] LogReport:38 - product available and added to cart
2019-11-08 13:08:20,259  INFO [main] LogReport:38 - Assertion for home page landing passed
2019-11-08 13:08:21,667  INFO [main] LogReport:38 - product available and added to cart
2019-11-08 13:09:28,961  INFO [main] LogReport:38 - Assertion for home page landing passed
2019-11-08 13:13:47,767  INFO [main] LogReport:38 - Assertion for home page landing passed
2019-11-08 13:16:10,487  INFO [main] LogReport:38 - Assertion for home page landing passed
2019-11-08 13:17:08,326  INFO [main] LogReport:38 - Assertion for home page landing passed
2019-11-08 13:18:09,345  INFO [main] LogReport:38 - Assertion for home page landing passed
2019-11-08 13:18:11,848  INFO [main] LogReport:38 - product available and added to cart
2019-11-08 13:19:40,658  INFO [main] LogReport:38 - Assertion for home page landing passed
2019-11-08 13:19:47,068  INFO [main] LogReport:38 - product available and added to cart
2019-11-08 13:24:09,164  INFO [main] LogReport:38 - Assertion for home page landing passed
2019-11-08 13:24:12,088  INFO [main] LogReport:38 - product available and added to cart
2019-11-08 13:35:51,834  INFO [main] LogReport:38 - Assertion for home page landing passed
2019-11-08 13:35:53,622  INFO [main] LogReport:38 - product available and added to cart
2019-11-08 13:35:56,440  INFO [main] LogReport:38 - The price is in $
2019-11-08 13:37:01,079  INFO [main] LogReport:38 - Assertion for home page landing passed
2019-11-08 13:37:03,105  INFO [main] LogReport:38 - product available and added to cart
2019-11-08 13:37:53,846  INFO [main] LogReport:38 - Assertion for home page landing passed
2019-11-08 13:37:55,420  INFO [main] LogReport:38 - product available and added to cart
2019-11-08 13:39:42,223  INFO [main] LogReport:38 - Assertion for home page landing passed
2019-11-08 13:39:48,181  INFO [main] LogReport:38 - product available and added to cart
2019-11-08 13:41:09,600  INFO [main] LogReport:38 - Assertion for home page landing passed
2019-11-08 13:41:11,018  INFO [main] LogReport:38 - product available and added to cart
2019-11-08 13:42:29,054  INFO [main] LogReport:38 - Assertion for home page landing passed
2019-11-08 13:42:30,877  INFO [main] LogReport:38 - product available and added to cart
2019-11-08 13:46:14,011  INFO [main] LogReport:38 - Assertion for home page landing passed
2019-11-08 13:46:15,984  INFO [main] LogReport:38 - product available and added to cart
2019-11-08 14:04:02,293  INFO [main] LogReport:38 - Assertion for home page landing passed
2019-11-08 14:05:42,069  INFO [main] LogReport:38 - Assertion for home page landing passed
2019-11-08 14:08:23,981  INFO [main] LogReport:38 - Assertion for home page landing passed
2019-11-08 14:08:27,789  INFO [main] LogReport:38 - Assertion for product description passed
2019-11-08 14:08:27,841  INFO [main] LogReport:38 - product available and added to cart
2019-11-08 14:23:44,309  INFO [main] LogReport:38 - Assertion for home page landing passed
2019-11-08 14:23:49,949  INFO [main] LogReport:38 - Assertion for product description passed
2019-11-08 14:23:50,021  INFO [main] LogReport:38 - product available and added to cart
2019-11-08 18:17:22,882  INFO [main] LogReport:38 - Assertion for mensmarchandise done
2019-11-08 18:38:56,509  INFO [main] LogReport:38 - Assertion for mensmarchandise done
2019-11-08 18:40:22,615  INFO [main] LogReport:38 - Assertion for mensmarchandise done
2019-11-08 18:42:31,762  INFO [main] LogReport:38 - Assertion for mensmarchandise done
2019-11-08 18:43:53,573  INFO [main] LogReport:38 - Assertion for mensmarchandise done
2019-11-08 18:48:21,168  INFO [main] LogReport:38 - Assertion for mensmarchandise done
2019-11-08 18:51:05,968  INFO [main] LogReport:38 - Assertion for mensmarchandise done
2019-11-08 18:54:30,125  INFO [main] LogReport:38 - Assertion for mensmarchandise done
2019-11-08 18:59:08,237  INFO [main] LogReport:38 - Assertion for mensmarchandise done
2019-11-08 19:00:18,126  INFO [main] LogReport:38 - Assertion for mensmarchandise done
2019-11-08 19:04:12,830  INFO [main] LogReport:38 - Assertion for mensmarchandise done
2019-11-08 19:08:46,348  INFO [main] LogReport:38 - Assertion for mensmarchandise done
2019-11-08 19:10:21,543  INFO [main] LogReport:38 - Assertion for mensmarchandise done
2019-11-08 19:14:01,046  INFO [main] LogReport:38 - Assertion for mensmarchandise done
2019-11-08 19:40:39,617  INFO [main] LogReport:38 - Assertion for mensmarchandise done
2019-11-08 19:42:25,595  INFO [main] LogReport:38 - Assertion for mensmarchandise done
2019-11-08 19:43:08,938  INFO [main] LogReport:38 - Assertion for mensmarchandise done
2019-11-08 19:46:36,123  INFO [main] LogReport:38 - Assertion for mensmarchandise done
2019-11-08 19:48:49,960  INFO [main] LogReport:38 - Assertion for mensmarchandise done
2019-11-08 19:49:26,493  INFO [main] LogReport:38 - Assertion for mensmarchandise done
2019-11-08 19:50:15,583  INFO [main] LogReport:38 - Assertion for mensmarchandise done
2019-11-08 19:51:33,566  INFO [main] LogReport:38 - Assertion for mensmarchandise done
2019-11-08 19:51:34,637  INFO [main] LogReport:38 - Assertion passed for shirt size
2019-11-08 19:52:34,076  INFO [main] LogReport:38 - Assertion for mensmarchandise done
2019-11-08 19:52:39,689  INFO [main] LogReport:38 - Assertion passed for shirt size
2019-11-08 19:52:39,754  INFO [main] LogReport:38 - Assertion passed for nameInCart
2019-11-08 19:53:50,958  INFO [main] LogReport:38 - Assertion for mensmarchandise done
2019-11-08 19:54:47,287  INFO [main] LogReport:38 - Assertion for mensmarchandise done
2019-11-08 19:54:53,506  INFO [main] LogReport:38 - assertion passed product name
2019-11-08 19:54:53,564  INFO [main] LogReport:38 - Assertion passed for shirt size
2019-11-08 19:54:53,622  INFO [main] LogReport:38 - Assertion passed for nameInCart
2019-11-08 19:54:53,660  INFO [main] LogReport:38 - Assertion passed for shirtColour
2019-11-08 20:01:15,346  INFO [main] LogReport:38 - Assertion for mensmarchandise done
2019-11-08 20:01:21,668  INFO [main] LogReport:38 - assertion passed product name
2019-11-08 20:01:21,777  INFO [main] LogReport:38 - Assertion passed for shirt size
2019-11-08 20:01:21,855  INFO [main] LogReport:38 - Assertion passed for nameInCart
2019-11-08 20:01:21,902  INFO [main] LogReport:38 - Assertion passed for shirtColour
2019-11-08 20:15:25,288  INFO [main] LogReport:38 - Assertion for mensmarchandise done
2019-11-08 20:16:10,773  INFO [main] LogReport:38 - Assertion for mensmarchandise done
2019-11-08 20:17:21,638  INFO [main] LogReport:38 - Assertion for mensmarchandise done
2019-11-08 20:18:17,640  INFO [main] LogReport:38 - Assertion for mensmarchandise done
2019-11-08 20:19:05,436  INFO [main] LogReport:38 - Assertion for mensmarchandise done
2019-11-08 20:19:56,554  INFO [main] LogReport:38 - Assertion for mensmarchandise done
2019-11-08 20:20:07,121  INFO [main] LogReport:38 - assertion passed product name
2019-11-08 20:20:07,215  INFO [main] LogReport:38 - Assertion passed for shirt size
2019-11-08 20:20:07,292  INFO [main] LogReport:38 - Assertion passed for nameInCart
2019-11-08 20:20:07,329  INFO [main] LogReport:38 - Assertion passed for shirtColour
2019-11-08 20:20:55,484  INFO [main] LogReport:38 - Assertion for mensmarchandise done
2019-11-08 20:21:07,134  INFO [main] LogReport:38 - assertion passed product name
2019-11-08 20:21:07,208  INFO [main] LogReport:38 - Assertion passed for shirt size
2019-11-08 20:21:07,279  INFO [main] LogReport:38 - Assertion passed for nameInCart
2019-11-08 20:21:07,316  INFO [main] LogReport:38 - Assertion passed for shirtColour
2019-11-08 20:22:05,145  INFO [main] LogReport:38 - Assertion for mensmarchandise done
2019-11-08 20:22:11,591  INFO [main] LogReport:38 - assertion passed product name
2019-11-08 20:22:11,642  INFO [main] LogReport:38 - Assertion passed for shirt size
2019-11-08 20:22:11,704  INFO [main] LogReport:38 - Assertion passed for nameInCart
2019-11-08 20:22:11,751  INFO [main] LogReport:38 - Assertion passed for shirtColour
2019-11-08 20:24:25,754  INFO [main] LogReport:38 - Assertion for mensmarchandise done
2019-11-08 20:24:31,958  INFO [main] LogReport:38 - assertion passed product name
2019-11-08 20:24:32,010  INFO [main] LogReport:38 - Assertion passed for shirt size
2019-11-08 20:24:32,061  INFO [main] LogReport:38 - Assertion passed for nameInCart
2019-11-08 20:24:32,093  INFO [main] LogReport:38 - Assertion passed for shirtColour
2019-11-08 20:26:11,854  INFO [main] LogReport:38 - Assertion for mensmarchandise done
2019-11-08 20:26:17,811  INFO [main] LogReport:38 - assertion passed product name
2019-11-08 20:26:17,871  INFO [main] LogReport:38 - Assertion passed for shirt size
2019-11-08 20:26:17,922  INFO [main] LogReport:38 - Assertion passed for nameInCart
2019-11-08 20:26:17,961  INFO [main] LogReport:38 - Assertion passed for shirtColour
2019-11-08 20:28:59,095  INFO [main] LogReport:38 - Assertion for mensmarchandise done
2019-11-08 20:29:09,704  INFO [main] LogReport:38 - assertion passed product name
2019-11-08 20:29:09,770  INFO [main] LogReport:38 - Assertion passed for shirt size
2019-11-08 20:29:09,895  INFO [main] LogReport:38 - Assertion passed for nameInCart
2019-11-08 20:29:09,929  INFO [main] LogReport:38 - Assertion passed for shirtColour
2019-11-08 20:30:48,938  INFO [main] LogReport:38 - Assertion for mensmarchandise done
2019-11-08 20:30:59,472  INFO [main] LogReport:38 - assertion passed product name
2019-11-08 20:30:59,537  INFO [main] LogReport:38 - Assertion passed for shirt size
2019-11-08 20:30:59,591  INFO [main] LogReport:38 - Assertion passed for nameInCart
2019-11-08 20:30:59,638  INFO [main] LogReport:38 - Assertion passed for shirtColour
2019-11-08 20:38:22,582  INFO [main] LogReport:38 - Assertion for mensmarchandise done
2019-11-08 20:38:29,158  INFO [main] LogReport:38 - assertion passed product name
2019-11-08 20:39:19,766  INFO [main] LogReport:38 - Assertion for mensmarchandise done
2019-11-08 20:39:31,191  INFO [main] LogReport:38 - assertion passed product name
2019-11-08 20:39:31,249  INFO [main] LogReport:38 - Assertion passed for shirt size
2019-11-08 20:39:31,302  INFO [main] LogReport:38 - Assertion passed for nameInCart
2019-11-08 20:39:31,341  INFO [main] LogReport:38 - Assertion passed for shirtColour
2019-11-08 20:40:47,655  INFO [main] LogReport:38 - Assertion for mensmarchandise done
2019-11-08 20:40:53,746  INFO [main] LogReport:38 - assertion passed product name
2019-11-08 20:40:53,802  INFO [main] LogReport:38 - Assertion passed for shirt size
2019-11-08 20:40:53,861  INFO [main] LogReport:38 - Assertion passed for nameInCart
2019-11-08 20:40:53,894  INFO [main] LogReport:38 - Assertion passed for shirtColour
2019-11-08 20:40:54,238  INFO [main] LogReport:38 - Assertion passed for updated price
2019-11-08 21:09:19,016  INFO [main] LogReport:38 - Assertion for mensmarchandise done
2019-11-08 21:10:17,558  INFO [main] LogReport:38 - Assertion for mensmarchandise done
2019-11-08 21:11:25,941  INFO [main] LogReport:38 - Assertion for mensmarchandise done
2019-11-08 21:12:44,617  INFO [main] LogReport:38 - Assertion for mensmarchandise done
2019-11-08 21:12:50,905  INFO [main] LogReport:38 - assertion passed product name
2019-11-08 21:12:50,976  INFO [main] LogReport:38 - Assertion passed for shirt size
2019-11-08 21:12:51,055  INFO [main] LogReport:38 - Assertion passed for nameInCart
2019-11-08 21:12:51,094  INFO [main] LogReport:38 - Assertion passed for shirtColour
2019-11-08 21:12:51,499  INFO [main] LogReport:38 - Assertion passed for updated price
2019-11-08 21:12:51,517  INFO [main] LogReport:38 - Assertion passed for updated price
2019-11-11 14:20:19,437  INFO [main] LogReport:38 - Assertion for home page landing passed
2019-11-11 14:22:29,640  INFO [main] LogReport:38 - Assertion for home page landing passed
2019-11-11 14:25:26,533  INFO [main] LogReport:38 - Assertion for home page landing passed
2019-11-11 14:26:06,034  INFO [main] LogReport:38 - Assertion for home page landing passed
2019-11-11 14:39:53,291  INFO [main] LogReport:38 - Assertion for home page landing passed
2019-11-11 14:43:11,876  INFO [main] LogReport:38 - Assertion for home page landing passed
2019-11-11 14:57:34,303  INFO [main] LogReport:38 - Assertion for home page landing passed
2019-11-11 15:16:14,531  INFO [main] LogReport:38 - Assertion for home page landing passed
2019-11-11 15:18:32,027  INFO [main] LogReport:38 - Assertion for home page landing passed
2019-11-11 15:21:41,317  INFO [main] LogReport:38 - Assertion for home page landing passed
2019-11-11 15:29:35,516  INFO [main] LogReport:38 - Assertion for home page landing passed
2019-11-11 15:30:45,398  INFO [main] LogReport:38 - Assertion for home page landing passed
2019-11-11 15:33:45,667  INFO [main] LogReport:38 - Assertion for home page landing passed
2019-11-11 15:34:56,288  INFO [main] LogReport:38 - Assertion for home page landing passed
2019-11-11 15:36:44,282  INFO [main] LogReport:38 - Assertion for home page landing passed
2019-11-11 15:40:17,033  INFO [main] LogReport:38 - Assertion for home page landing passed
2019-11-11 15:42:35,506  INFO [main] LogReport:38 - Assertion for home page landing passed
2019-11-11 15:44:06,756  INFO [main] LogReport:38 - Assertion for home page landing passed
2019-11-11 15:46:06,742  INFO [main] LogReport:38 - Assertion for home page landing passed
2019-11-11 15:53:04,666  INFO [main] LogReport:38 - Assertion for home page landing passed
2019-11-11 15:55:46,564  INFO [main] LogReport:38 - Assertion for home page landing passed
2019-11-11 15:59:12,103  INFO [main] LogReport:38 - Assertion for home page landing passed
2019-11-11 16:09:06,675  INFO [main] LogReport:38 - Assertion for home page landing passed
2019-11-11 16:12:38,381  INFO [main] LogReport:38 - Assertion for home page landing passed
2019-11-11 16:20:08,168  INFO [main] LogReport:38 - Assertion for home page landing passed
2019-11-11 16:23:45,255  INFO [main] LogReport:38 - Assertion for home page landing passed
2019-11-11 16:23:49,239  INFO [main] LogReport:38 - Assertion for product description passed
2019-11-11 16:23:49,444  INFO [main] LogReport:38 - The price is in $
2019-11-11 16:24:19,057  INFO [main] LogReport:38 - Assertion for home page landing passed
2019-11-11 16:27:47,871  INFO [main] LogReport:38 - Assertion for home page landing passed
2019-11-11 16:29:17,416  INFO [main] LogReport:38 - Assertion for home page landing passed
2019-11-11 16:31:20,792  INFO [main] LogReport:38 - Assertion for home page landing passed
2019-11-11 16:31:30,659  INFO [main] LogReport:38 - Assertion  product availablity passed iPhone 
2019-11-11 16:31:33,512  INFO [main] LogReport:38 - Assertion  product availablity passed MacBook Air 
2019-11-11 16:32:39,421  INFO [main] LogReport:38 - Assertion for home page landing passed
2019-11-11 16:32:51,888  INFO [main] LogReport:38 - Assertion  product availablity passed MacBook Air 
2019-11-11 16:33:52,430  INFO [main] LogReport:38 - Assertion for home page landing passed
2019-11-11 16:34:06,522  INFO [main] LogReport:38 - Assertion  product availablity passed MacBook Air 
2019-11-11 16:40:04,754  INFO [main] LogReport:38 - Assertion for home page landing passed
2019-11-11 16:40:29,709  INFO [main] LogReport:38 - Assertion  product availablity passed MacBook Air 
2019-11-11 16:41:54,385  INFO [main] LogReport:38 - Assertion for home page landing passed
2019-11-11 16:42:07,577  INFO [main] LogReport:38 - Assertion  product availablity passed MacBook Air 
2019-11-11 16:44:59,225  INFO [main] LogReport:38 - Assertion for home page landing passed
2019-11-11 16:45:11,779  INFO [main] LogReport:38 - Assertion  product availablity passed MacBook Air 
2019-11-11 17:03:55,407  INFO [main] LogReport:38 - Assertion for home page landing passed
2019-11-11 17:04:09,091  INFO [main] LogReport:38 - Assertion  product availablity passed MacBook Air 
2019-11-11 17:06:07,106  INFO [main] LogReport:38 - Assertion for home page landing passed
2019-11-11 17:06:21,873  INFO [main] LogReport:38 - Assertion  product availablity passed MacBook Air 
2019-11-11 17:08:10,464  INFO [main] LogReport:38 - Assertion for home page landing passed
2019-11-11 17:09:45,149  INFO [main] LogReport:38 - Assertion for home page landing passed
2019-11-11 17:15:51,609  INFO [main] LogReport:38 - Assertion for home page landing passed
2019-11-11 17:17:23,079  INFO [main] LogReport:38 - Assertion for home page landing passed
2019-11-11 17:19:27,282  INFO [main] LogReport:38 - Assertion for home page landing passed
2019-11-11 17:20:50,657  INFO [main] LogReport:38 - Assertion for home page landing passed
2019-11-11 17:20:58,588  INFO [main] LogReport:38 - Assertion  product price passed iPhone 
2019-11-11 17:22:24,057  INFO [main] LogReport:38 - Assertion for home page landing passed
2019-11-11 17:22:33,149  INFO [main] LogReport:38 - Assertion  product price passed iPhone 
2019-11-11 17:22:37,248  INFO [main] LogReport:38 - Assertion  product price passed MacBook Air 
2019-11-11 17:34:07,799  INFO [main] LogReport:38 - Assertion for home page landing passed
2019-11-11 17:34:12,595  INFO [main] LogReport:38 - Assertion  product price passed iPhone 
2019-11-11 17:34:14,965  INFO [main] LogReport:38 - Assertion  product price passed MacBook Air 
2019-11-11 17:35:46,446  INFO [main] LogReport:38 - Assertion for home page landing passed
2019-11-11 17:35:51,244  INFO [main] LogReport:38 - Assertion  product price passed iPhone 
2019-11-11 17:35:53,771  INFO [main] LogReport:38 - Assertion  product price passed MacBook Air 
2019-11-11 17:39:49,147  INFO [main] LogReport:38 - Assertion for home page landing passed
2019-11-11 17:39:54,332  INFO [main] LogReport:38 - Assertion  product price passed iPhone 
2019-11-11 17:39:54,385  INFO [main] LogReport:38 - Assertion  product extax passed iPhone 
2019-11-11 17:39:57,011  INFO [main] LogReport:38 - Assertion  product price passed MacBook Air 
2019-11-11 17:39:57,057  INFO [main] LogReport:38 - Assertion  product extax passed MacBook Air 
2019-11-11 17:52:00,207  INFO [main] LogReport:38 - Assertion for home page landing passed
2019-11-11 17:52:04,994  INFO [main] LogReport:38 - Assertion  product price passed iPhone 
2019-11-11 17:52:05,041  INFO [main] LogReport:38 - Assertion  product extax passed iPhone 
2019-11-11 17:52:10,156  INFO [main] LogReport:38 - Assertion for product description passediPhone 
2019-11-11 17:52:12,692  INFO [main] LogReport:38 - Assertion  product price passed MacBook Air 
2019-11-11 17:52:12,735  INFO [main] LogReport:38 - Assertion  product extax passed MacBook Air 
2019-11-11 17:56:42,035  INFO [main] LogReport:38 - Assertion for home page landing passed
2019-11-11 17:56:47,598  INFO [main] LogReport:38 - Assertion  product price passed iPhone 
2019-11-11 17:56:47,671  INFO [main] LogReport:38 - Assertion  product extax passed iPhone 
2019-11-11 17:56:55,906  INFO [main] LogReport:38 - Assertion  product price passed MacBook Air 
2019-11-11 17:56:55,952  INFO [main] LogReport:38 - Assertion  product extax passed MacBook Air 
2019-11-11 18:01:59,293  INFO [main] LogReport:38 - Assertion for home page landing passed
2019-11-11 18:10:48,923  INFO [main] LogReport:38 - Assertion for home page landing passed
2019-11-11 18:12:12,073  INFO [main] LogReport:38 - Assertion for home page landing passed
2019-11-11 18:15:23,190  INFO [main] LogReport:38 - Assertion for home page landing passed
2019-11-11 18:15:33,497  INFO [main] LogReport:38 - Assertion  product price passed iPhone 
2019-11-11 18:15:33,549  INFO [main] LogReport:38 - Assertion  product extax passed iPhone 
2019-11-11 18:15:46,148  INFO [main] LogReport:38 - Assertion  product price passed MacBook Air 
2019-11-11 18:15:46,196  INFO [main] LogReport:38 - Assertion  product extax passed MacBook Air 
2019-11-11 18:19:31,018  INFO [main] LogReport:38 - Assertion for home page landing passed
2019-11-11 18:20:58,900  INFO [main] LogReport:38 - Assertion for home page landing passed
2019-11-11 18:25:00,919  INFO [main] LogReport:38 - Assertion for home page landing passed
2019-11-11 18:25:13,979  INFO [main] LogReport:38 - Assertion  product availablity passed MacBook Air 
2019-11-11 19:07:30,875  INFO [main] LogReport:38 - Assertion for home page landing passed
2019-11-11 19:07:44,100  INFO [main] LogReport:38 - Assertion  product availablity passed MacBook Air 
2019-11-11 19:08:35,365  INFO [main] LogReport:38 - Assertion for home page landing passed
2019-11-11 19:08:40,770  INFO [main] LogReport:38 - Assertion  product price passed iPhone 
2019-11-11 19:08:40,823  INFO [main] LogReport:38 - Assertion  product extax passed iPhone 
2019-11-11 19:08:48,896  INFO [main] LogReport:38 - Assertion  product price passed MacBook Air 
2019-11-11 19:08:48,943  INFO [main] LogReport:38 - Assertion  product extax passed MacBook Air 
2019-11-11 19:10:26,081  INFO [main] LogReport:38 - Assertion for home page landing passed
2019-11-11 19:10:30,928  INFO [main] LogReport:38 - Assertion  product price passed iPhone 
2019-11-11 19:10:30,982  INFO [main] LogReport:38 - Assertion  product extax passed iPhone 
2019-11-11 19:10:38,937  INFO [main] LogReport:38 - Assertion  product price passed MacBook Air 
2019-11-11 19:10:38,983  INFO [main] LogReport:38 - Assertion  product extax passed MacBook Air 
2019-11-11 19:12:11,298  INFO [main] LogReport:38 - Assertion for home page landing passed
2019-11-11 19:12:21,334  INFO [main] LogReport:38 - Assertion  product price passed iPhone 
2019-11-11 19:12:21,390  INFO [main] LogReport:38 - Assertion  product extax passed iPhone 
2019-11-11 19:12:29,559  INFO [main] LogReport:38 - Assertion  product price passed MacBook Air 
2019-11-11 19:12:29,617  INFO [main] LogReport:38 - Assertion  product extax passed MacBook Air 
2019-11-11 19:13:21,871  INFO [main] LogReport:38 - Assertion for home page landing passed
2019-11-11 19:13:26,918  INFO [main] LogReport:38 - Assertion  product price passed iPhone 
2019-11-11 19:13:26,972  INFO [main] LogReport:38 - Assertion  product extax passed iPhone 
2019-11-11 19:13:35,007  INFO [main] LogReport:38 - Assertion  product price passed MacBook Air 
2019-11-11 19:13:35,083  INFO [main] LogReport:38 - Assertion  product extax passed MacBook Air 
2019-11-11 19:13:40,469  INFO [main] LogReport:38 - Assertion passed iphone added in cart
2019-11-11 19:19:17,954  INFO [main] LogReport:38 - Assertion for home page landing passed
2019-11-11 19:19:22,940  INFO [main] LogReport:38 - Assertion  product price passed iPhone 
2019-11-11 19:19:23,022  INFO [main] LogReport:38 - Assertion  product extax passed iPhone 
2019-11-11 19:19:31,094  INFO [main] LogReport:38 - Assertion  product price passed MacBook Air 
2019-11-11 19:19:31,145  INFO [main] LogReport:38 - Assertion  product extax passed MacBook Air 
2019-11-11 19:21:56,777  INFO [main] LogReport:38 - Assertion for home page landing passed
2019-11-11 19:22:01,768  INFO [main] LogReport:38 - Assertion  product price passed iPhone 
2019-11-11 19:22:01,825  INFO [main] LogReport:38 - Assertion  product extax passed iPhone 
2019-11-11 19:22:09,785  INFO [main] LogReport:38 - Assertion  product price passed MacBook Air 
2019-11-11 19:22:09,835  INFO [main] LogReport:38 - Assertion  product extax passed MacBook Air 
2019-11-11 19:23:05,507  INFO [main] LogReport:38 - Assertion for home page landing passed
2019-11-11 19:23:10,869  INFO [main] LogReport:38 - Assertion  product price passed iPhone 
2019-11-11 19:23:10,955  INFO [main] LogReport:38 - Assertion  product extax passed iPhone 
2019-11-11 19:23:19,031  INFO [main] LogReport:38 - Assertion  product price passed MacBook Air 
2019-11-11 19:23:19,093  INFO [main] LogReport:38 - Assertion  product extax passed MacBook Air 
2019-11-11 19:24:36,763  INFO [main] LogReport:38 - Assertion for home page landing passed
2019-11-11 19:24:41,726  INFO [main] LogReport:38 - Assertion  product price passed iPhone 
2019-11-11 19:24:41,778  INFO [main] LogReport:38 - Assertion  product extax passed iPhone 
2019-11-11 19:24:49,769  INFO [main] LogReport:38 - Assertion  product price passed MacBook Air 
2019-11-11 19:24:49,817  INFO [main] LogReport:38 - Assertion  product extax passed MacBook Air 
2019-11-11 19:24:55,094  INFO [main] LogReport:38 - Assertion passed iphone added in cart
2019-11-11 19:32:46,016  INFO [main] LogReport:38 - Assertion for home page landing passed
2019-11-11 19:32:50,924  INFO [main] LogReport:38 - Assertion  product price passed iPhone 
2019-11-11 19:32:50,993  INFO [main] LogReport:38 - Assertion  product extax passed iPhone 
2019-11-11 19:32:58,933  INFO [main] LogReport:38 - Assertion  product price passed MacBook Air 
2019-11-11 19:32:58,979  INFO [main] LogReport:38 - Assertion  product extax passed MacBook Air 
2019-11-11 19:33:04,354  INFO [main] LogReport:38 - Assertion passed iphone added in cart
2019-11-11 19:33:04,412  INFO [main] LogReport:38 - Assertion passed mac added in cart
2019-11-11 19:35:25,733  INFO [main] LogReport:38 - Assertion for home page landing passed
2019-11-11 19:35:30,435  INFO [main] LogReport:38 - Assertion  product price passed iPhone 
2019-11-11 19:35:30,495  INFO [main] LogReport:38 - Assertion  product extax passed iPhone 
2019-11-11 19:35:38,498  INFO [main] LogReport:38 - Assertion  product price passed MacBook Air 
2019-11-11 19:35:38,545  INFO [main] LogReport:38 - Assertion  product extax passed MacBook Air 
2019-11-11 19:38:09,214  INFO [main] LogReport:38 - Assertion for home page landing passed
2019-11-11 19:38:14,114  INFO [main] LogReport:38 - Assertion  product price passed iPhone 
2019-11-11 19:38:14,167  INFO [main] LogReport:38 - Assertion  product extax passed iPhone 
2019-11-11 19:38:27,678  INFO [main] LogReport:38 - Assertion  product price passed MacBook Air 
2019-11-11 19:38:27,740  INFO [main] LogReport:38 - Assertion  product extax passed MacBook Air 
2019-11-11 19:38:46,694  INFO [main] LogReport:38 - Assertion passed iphone added in cart
2019-11-11 19:38:46,749  INFO [main] LogReport:38 - Assertion passed mac added in cart
2019-11-11 19:39:47,307  INFO [main] LogReport:38 - Assertion for home page landing passed
2019-11-11 19:39:52,114  INFO [main] LogReport:38 - Assertion  product price passed iPhone 
2019-11-11 19:39:52,172  INFO [main] LogReport:38 - Assertion  product extax passed iPhone 
2019-11-11 19:39:54,690  INFO [main] LogReport:38 - Assertion  product price passed MacBook Air 
2019-11-11 19:39:54,740  INFO [main] LogReport:38 - Assertion  product extax passed MacBook Air 
2019-11-11 19:39:55,064  INFO [main] LogReport:38 - Assertion passed iphone added in cart
2019-11-11 19:39:55,184  INFO [main] LogReport:38 - Assertion passed mac added in cart
2019-11-11 19:42:03,207  INFO [main] LogReport:38 - Assertion for home page landing passed
2019-11-11 19:42:09,610  INFO [main] LogReport:38 - Assertion  product price passed iPhone 
2019-11-11 19:42:09,666  INFO [main] LogReport:38 - Assertion  product extax passed iPhone 
2019-11-11 19:42:12,314  INFO [main] LogReport:38 - Assertion  product price passed MacBook Air 
2019-11-11 19:42:12,415  INFO [main] LogReport:38 - Assertion  product extax passed MacBook Air 
2019-11-11 19:42:12,781  INFO [main] LogReport:38 - Assertion passed iphone added in cart
2019-11-11 19:42:12,863  INFO [main] LogReport:38 - Assertion passed mac added in cart
2019-11-11 19:42:12,936  INFO [main] LogReport:38 - Assertion passed for total amount
2019-11-11 19:47:02,775  INFO [main] LogReport:38 - Assertion for home page landing passed
2019-11-11 19:47:07,774  INFO [main] LogReport:38 - Assertion  product price passed iPhone 
2019-11-11 19:47:07,828  INFO [main] LogReport:38 - Assertion  product extax passed iPhone 
2019-11-11 19:47:10,266  INFO [main] LogReport:38 - Assertion  product price passed MacBook Air 
2019-11-11 19:47:10,338  INFO [main] LogReport:38 - Assertion  product extax passed MacBook Air 
2019-11-11 19:47:10,754  INFO [main] LogReport:38 - Assertion passed iphone added in cart
2019-11-11 19:47:10,812  INFO [main] LogReport:38 - Assertion passed mac added in cart
2019-11-11 19:47:10,868  INFO [main] LogReport:38 - Assertion passed for total amount
2019-11-11 19:50:40,855  INFO [main] LogReport:38 - Assertion for home page landing passed
2019-11-11 19:50:45,840  INFO [main] LogReport:38 - Assertion  product price passed iPhone 
2019-11-11 19:50:45,891  INFO [main] LogReport:38 - Assertion  product extax passed iPhone 
2019-11-11 19:50:48,472  INFO [main] LogReport:38 - Assertion  product price passed MacBook Air 
2019-11-11 19:50:48,546  INFO [main] LogReport:38 - Assertion  product extax passed MacBook Air 
2019-11-11 19:50:48,861  INFO [main] LogReport:38 - Assertion passed iphone added in cart
2019-11-11 19:50:48,919  INFO [main] LogReport:38 - Assertion passed mac added in cart
2019-11-11 19:50:48,970  INFO [main] LogReport:38 - Assertion passed for total amount
2019-11-11 19:51:25,022  INFO [main] LogReport:38 - Assertion for home page landing passed
2019-11-11 19:51:29,751  INFO [main] LogReport:38 - Assertion  product price passed iPhone 
2019-11-11 19:51:29,805  INFO [main] LogReport:38 - Assertion  product extax passed iPhone 
2019-11-11 19:51:32,376  INFO [main] LogReport:38 - Assertion  product price passed MacBook Air 
2019-11-11 19:51:32,455  INFO [main] LogReport:38 - Assertion  product extax passed MacBook Air 
2019-11-11 19:52:14,532  INFO [main] LogReport:38 - Assertion for home page landing passed
2019-11-11 19:52:19,583  INFO [main] LogReport:38 - Assertion  product price passed iPhone 
2019-11-11 19:52:19,637  INFO [main] LogReport:38 - Assertion  product extax passed iPhone 
2019-11-11 19:52:22,388  INFO [main] LogReport:38 - Assertion  product price passed MacBook Air 
2019-11-11 19:52:22,555  INFO [main] LogReport:38 - Assertion  product extax passed MacBook Air 
2019-11-11 19:53:46,076  INFO [main] LogReport:38 - Assertion for home page landing passed
2019-11-11 19:53:50,819  INFO [main] LogReport:38 - Assertion  product price passed iPhone 
2019-11-11 19:53:50,874  INFO [main] LogReport:38 - Assertion  product extax passed iPhone 
2019-11-11 19:53:53,399  INFO [main] LogReport:38 - Assertion  product price passed MacBook Air 
2019-11-11 19:53:53,480  INFO [main] LogReport:38 - Assertion  product extax passed MacBook Air 
2019-11-11 19:55:35,746  INFO [main] LogReport:38 - Assertion for home page landing passed
2019-11-11 19:55:42,370  INFO [main] LogReport:38 - Assertion  product price passed iPhone 
2019-11-11 19:55:42,452  INFO [main] LogReport:38 - Assertion  product extax passed iPhone 
2019-11-11 19:55:44,858  INFO [main] LogReport:38 - Assertion  product price passed MacBook Air 
2019-11-11 19:55:44,904  INFO [main] LogReport:38 - Assertion  product extax passed MacBook Air 
2019-11-11 19:55:45,189  INFO [main] LogReport:38 - Assertion passed iphone added in cart
2019-11-11 19:55:45,420  INFO [main] LogReport:38 - Assertion passed mac added in cart
2019-11-11 19:55:45,477  INFO [main] LogReport:38 - Assertion passed for total amount
2019-11-11 19:56:34,300  INFO [main] LogReport:38 - Assertion for home page landing passed
2019-11-11 19:56:40,394  INFO [main] LogReport:38 - Assertion  product price passed iPhone 
2019-11-11 19:56:40,449  INFO [main] LogReport:38 - Assertion  product extax passed iPhone 
2019-11-11 19:56:42,925  INFO [main] LogReport:38 - Assertion  product price passed MacBook Air 
2019-11-11 19:56:42,998  INFO [main] LogReport:38 - Assertion  product extax passed MacBook Air 
2019-11-11 19:56:43,331  INFO [main] LogReport:38 - Assertion passed iphone added in cart
2019-11-11 19:56:43,481  INFO [main] LogReport:38 - Assertion passed mac added in cart
2019-11-11 19:56:43,573  INFO [main] LogReport:38 - Assertion passed for total amount
2019-11-11 20:01:04,055  INFO [main] LogReport:38 - Assertion for home page landing passed
2019-11-11 20:01:09,477  INFO [main] LogReport:38 - Assertion  product price passed iPhone 
2019-11-11 20:01:09,555  INFO [main] LogReport:38 - Assertion  product extax passed iPhone 
2019-11-11 20:01:12,138  INFO [main] LogReport:38 - Assertion  product price passed MacBook Air 
2019-11-11 20:01:12,184  INFO [main] LogReport:38 - Assertion  product extax passed MacBook Air 
2019-11-11 20:01:12,589  INFO [main] LogReport:38 - Assertion passed iphone added in cart
2019-11-11 20:01:12,645  INFO [main] LogReport:38 - Assertion passed mac added in cart
2019-11-11 20:01:12,702  INFO [main] LogReport:38 - Assertion passed for total amount
2019-11-11 20:02:17,406  INFO [main] LogReport:38 - Assertion for home page landing passed
2019-11-11 20:02:23,903  INFO [main] LogReport:38 - Assertion  product price passed iPhone 
2019-11-11 20:02:23,969  INFO [main] LogReport:38 - Assertion  product extax passed iPhone 
2019-11-11 20:02:26,856  INFO [main] LogReport:38 - Assertion  product price passed MacBook Air 
2019-11-11 20:02:26,899  INFO [main] LogReport:38 - Assertion  product extax passed MacBook Air 
2019-11-11 20:02:27,178  INFO [main] LogReport:38 - Assertion passed iphone added in cart
2019-11-11 20:02:27,360  INFO [main] LogReport:38 - Assertion passed mac added in cart
2019-11-11 20:02:27,508  INFO [main] LogReport:38 - Assertion passed for total amount
2019-11-11 20:03:35,671  INFO [main] LogReport:38 - Assertion for home page landing passed
2019-11-11 20:03:40,589  INFO [main] LogReport:38 - Assertion  product price passed iPhone 
2019-11-11 20:03:40,642  INFO [main] LogReport:38 - Assertion  product extax passed iPhone 
2019-11-11 20:03:43,202  INFO [main] LogReport:38 - Assertion  product price passed MacBook Air 
2019-11-11 20:03:43,259  INFO [main] LogReport:38 - Assertion  product extax passed MacBook Air 
2019-11-11 20:03:43,639  INFO [main] LogReport:38 - Assertion passed iphone added in cart
2019-11-11 20:03:43,758  INFO [main] LogReport:38 - Assertion passed mac added in cart
2019-11-11 20:03:43,814  INFO [main] LogReport:38 - Assertion passed for total amount
2019-11-11 20:03:44,330  INFO [main] LogReport:38 - Assertion passed for total amount
2019-11-11 20:22:02,940  INFO [main] LogReport:38 - Assertion for home page landing passed
2019-11-11 20:22:07,689  INFO [main] LogReport:38 - Assertion  product price passed iPhone 
2019-11-11 20:22:07,742  INFO [main] LogReport:38 - Assertion  product extax passed iPhone 
2019-11-11 20:22:10,290  INFO [main] LogReport:38 - Assertion  product price passed MacBook Air 
2019-11-11 20:22:10,387  INFO [main] LogReport:38 - Assertion  product extax passed MacBook Air 
2019-11-11 20:22:10,676  INFO [main] LogReport:38 - Assertion passed iphone added in cart
2019-11-11 20:22:10,842  INFO [main] LogReport:38 - Assertion passed mac added in cart
2019-11-11 20:22:10,890  INFO [main] LogReport:38 - Assertion passed for total amount
2019-11-11 20:22:11,402  INFO [main] LogReport:38 - Assertion passed for total amount
2019-11-11 20:32:43,549  INFO [main] LogReport:38 - Assertion for mensmarchandise done
2019-11-11 20:32:49,783  INFO [main] LogReport:38 - assertion passed product name
2019-11-11 20:32:49,834  INFO [main] LogReport:38 - Assertion passed for shirt size
2019-11-11 20:32:49,886  INFO [main] LogReport:38 - Assertion passed for nameInCart
2019-11-11 20:32:49,925  INFO [main] LogReport:38 - Assertion passed for shirtColour
2019-11-11 20:32:50,250  INFO [main] LogReport:38 - Assertion passed for updated price
2019-11-11 20:32:50,265  INFO [main] LogReport:38 - Assertion passed for before updated price
2019-11-11 21:01:34,039  INFO [main] LogReport:38 - Assertion for mensmarchandise done
2019-11-11 21:04:51,891  INFO [main] LogReport:38 - Assertion for mensmarchandise done
2019-11-11 21:10:22,600  INFO [main] LogReport:38 - Assertion for mensmarchandise done
2019-11-11 21:11:18,538  INFO [main] LogReport:38 - Assertion for mensmarchandise done
2019-11-11 21:12:37,557  INFO [main] LogReport:38 - Assertion for mensmarchandise done
2019-11-11 21:14:02,756  INFO [main] LogReport:38 - Assertion for mensmarchandise done
2019-11-11 21:15:14,428  INFO [main] LogReport:38 - Assertion for mensmarchandise done
2019-11-11 21:17:22,277  INFO [main] LogReport:38 - Assertion for mensmarchandise done
2019-11-11 21:20:12,519  INFO [main] LogReport:38 - Assertion for mensmarchandise done
2019-11-11 21:23:02,573  INFO [main] LogReport:38 - Assertion done for the page title
2019-11-11 21:23:06,173  INFO [main] LogReport:38 - Assertion done for the page title
2019-11-11 21:23:09,624  INFO [main] LogReport:38 - Assertion done for the page title
2019-11-11 21:23:13,125  INFO [main] LogReport:38 - Assertion done for the page title
2019-11-11 21:23:16,638  INFO [main] LogReport:38 - Assertion done for the page title
2019-11-11 21:23:17,437  INFO [main] LogReport:38 - Assertion for mensmarchandise done
2019-11-11 21:24:27,651  INFO [main] LogReport:38 - Assertion done for the page title
2019-11-11 21:24:31,244  INFO [main] LogReport:38 - Assertion done for the page title
2019-11-11 21:24:34,745  INFO [main] LogReport:38 - Assertion done for the page title
2019-11-11 21:24:38,216  INFO [main] LogReport:38 - Assertion done for the page title
2019-11-11 21:24:41,760  INFO [main] LogReport:38 - Assertion done for the page title
2019-11-11 21:24:42,518  INFO [main] LogReport:38 - Assertion for mensmarchandise done
2019-11-11 21:26:33,012  INFO [main] LogReport:38 - Assertion done for the page title
2019-11-11 21:26:36,630  INFO [main] LogReport:38 - Assertion done for the page title
2019-11-11 21:26:40,113  INFO [main] LogReport:38 - Assertion done for the page title
2019-11-11 21:26:43,592  INFO [main] LogReport:38 - Assertion done for the page title
2019-11-11 21:26:47,048  INFO [main] LogReport:38 - Assertion done for the page title
2019-11-11 21:26:47,836  INFO [main] LogReport:38 - Assertion for mensmarchandise done
2019-11-11 21:27:43,565  INFO [main] LogReport:38 - Assertion done for the page title
2019-11-11 21:27:47,115  INFO [main] LogReport:38 - Assertion done for the page title
2019-11-11 21:27:50,571  INFO [main] LogReport:38 - Assertion done for the page title
2019-11-11 21:27:54,117  INFO [main] LogReport:38 - Assertion done for the page title
2019-11-11 21:27:57,573  INFO [main] LogReport:38 - Assertion done for the page title
2019-11-11 21:27:58,351  INFO [main] LogReport:38 - Assertion for mensmarchandise done
2019-11-11 21:29:12,469  INFO [main] LogReport:38 - Assertion done for the page title
2019-11-11 21:29:16,039  INFO [main] LogReport:38 - Assertion done for the page title
2019-11-11 21:29:19,452  INFO [main] LogReport:38 - Assertion done for the page title
2019-11-11 21:29:22,944  INFO [main] LogReport:38 - Assertion done for the page title
2019-11-11 21:29:26,442  INFO [main] LogReport:38 - Assertion done for the page title
2019-11-11 21:29:27,225  INFO [main] LogReport:38 - Assertion for mensmarchandise done
2019-11-11 21:29:28,069  INFO [main] LogReport:38 - Assertion passed for nameInCart
2019-11-11 21:41:36,132  INFO [main] LogReport:38 - Assertion done for the page title
2019-11-11 21:41:41,000  INFO [main] LogReport:38 - Assertion done for the page title
2019-11-11 21:41:46,423  INFO [main] LogReport:38 - Assertion done for the page title
2019-11-11 21:41:50,921  INFO [main] LogReport:38 - Assertion done for the page title
2019-11-11 21:41:55,124  INFO [main] LogReport:38 - Assertion done for the page title
2019-11-11 21:41:58,317  INFO [main] LogReport:38 - Assertion for mensmarchandise done
2019-11-11 21:42:06,010  INFO [main] LogReport:38 - Assertion passed for nameInCart
2019-11-11 21:53:03,578  INFO [main] LogReport:38 - Assertion done for the page title
2019-11-11 21:53:07,261  INFO [main] LogReport:38 - Assertion done for the page title
2019-11-11 21:53:10,719  INFO [main] LogReport:38 - Assertion done for the page title
2019-11-11 21:53:14,265  INFO [main] LogReport:38 - Assertion done for the page title
2019-11-11 21:53:17,779  INFO [main] LogReport:38 - Assertion done for the page title
2019-11-11 21:53:18,634  INFO [main] LogReport:38 - Assertion for mensmarchandise done
2019-11-11 21:56:21,326  INFO [main] LogReport:38 - Assertion done for the page title
2019-11-11 21:56:24,948  INFO [main] LogReport:38 - Assertion done for the page title
2019-11-11 21:56:28,495  INFO [main] LogReport:38 - Assertion done for the page title
2019-11-11 21:56:31,972  INFO [main] LogReport:38 - Assertion done for the page title
2019-11-11 21:56:35,439  INFO [main] LogReport:38 - Assertion done for the page title
2019-11-11 21:56:36,291  INFO [main] LogReport:38 - Assertion for mensmarchandise done
2019-11-11 21:56:37,166  INFO [main] LogReport:38 - assertion passed product name
2019-11-11 21:56:37,217  INFO [main] LogReport:38 - Assertion passed for shirt size
2019-11-11 21:56:37,274  INFO [main] LogReport:38 - Assertion passed for nameInCart
2019-11-11 21:56:37,335  INFO [main] LogReport:38 - Assertion passed for shirtColour
2019-11-11 21:58:27,497  INFO [main] LogReport:38 - Assertion done for the page title
2019-11-11 21:58:31,143  INFO [main] LogReport:38 - Assertion done for the page title
2019-11-11 21:58:34,627  INFO [main] LogReport:38 - Assertion done for the page title
2019-11-11 21:58:38,133  INFO [main] LogReport:38 - Assertion done for the page title
2019-11-11 21:58:41,628  INFO [main] LogReport:38 - Assertion done for the page title
2019-11-11 21:58:42,406  INFO [main] LogReport:38 - Assertion for mensmarchandise done
2019-11-11 21:58:43,259  INFO [main] LogReport:38 - assertion passed product name
2019-11-11 21:58:43,313  INFO [main] LogReport:38 - Assertion passed for shirt size
2019-11-11 21:58:43,368  INFO [main] LogReport:38 - Assertion passed for nameInCart
2019-11-11 21:58:43,419  INFO [main] LogReport:38 - Assertion passed for shirtColour
2019-11-11 22:00:35,971  INFO [main] LogReport:38 - Assertion done for the page title
2019-11-11 22:00:39,575  INFO [main] LogReport:38 - Assertion done for the page title
2019-11-11 22:00:43,089  INFO [main] LogReport:38 - Assertion done for the page title
2019-11-11 22:00:46,534  INFO [main] LogReport:38 - Assertion done for the page title
2019-11-11 22:00:50,034  INFO [main] LogReport:38 - Assertion done for the page title
2019-11-11 22:00:50,781  INFO [main] LogReport:38 - Assertion for mensmarchandise done
2019-11-11 22:02:13,555  INFO [main] LogReport:38 - Assertion done for the page title
2019-11-11 22:02:17,139  INFO [main] LogReport:38 - Assertion done for the page title
2019-11-11 22:02:20,633  INFO [main] LogReport:38 - Assertion done for the page title
2019-11-11 22:02:24,097  INFO [main] LogReport:38 - Assertion done for the page title
2019-11-11 22:02:27,593  INFO [main] LogReport:38 - Assertion done for the page title
2019-11-11 22:02:28,377  INFO [main] LogReport:38 - Assertion for mensmarchandise done
2019-11-11 22:02:34,219  INFO [main] LogReport:38 - assertion passed product name
2019-11-11 22:02:34,281  INFO [main] LogReport:38 - Assertion passed for shirt size
2019-11-11 22:02:34,343  INFO [main] LogReport:38 - Assertion passed for nameInCart
2019-11-11 22:02:34,406  INFO [main] LogReport:38 - Assertion passed for shirtColour
2019-11-11 22:02:34,713  INFO [main] LogReport:38 - Assertion passed for updated price
2019-11-11 22:02:34,728  INFO [main] LogReport:38 - Assertion passed for before updated price
